{"logTime": "0530/092824", "correlationVector":"mIkpHAzU1XUesFsG7v4luf.1","action":"SyncServerConnectionManagerRequest", "result":"SYNC_SERVER_OK", "context":{"environment":"Prod_francecentral_prod-s01-062-eur-francecentral", "migrationStage":"NotStarted", "server":"akswtt115000007"}}
{"logTime": "0530/092824", "correlationVector":"mIkpHAzU1XUesFsG7v4luf.2","action":"ProcessGetUpdates", "result":"Done", "context":{"dataType":"Encryption Keys", "deleted":"0", "process_failed_to_decrypt":"0", "process_pending_decryption":"0", "process_success":"1", "total":"1"}}
{"logTime": "0530/092825", "correlationVector":"f18tV/qeh50tGG5g5JUiwQ","action":"SyncServerConnectionManagerRequest", "result":"SYNC_SERVER_OK", "context":{"environment":"", "migrationStage":"", "server":""}}
{"logTime": "0530/092825", "correlationVector":"f18tV/qeh50tGG5g5JUiwQ.0","action":"EncryptionKeysFetcher.DownloadKeys:", "result":"Success", "context":Key count: 5, Last key timestamp: 2026-03-07T17:37:39Z}
{"logTime": "0530/092825", "correlationVector":"f18tV/qeh50tGG5g5JUiwQ.1","action":"EncryptionKeysManager::SetEncryptionKeys:", "result":"Success", "context":Key names[5]:[tWFprSM/bvVPBUuAbEg9vvMPdhQiVj1eld5NgQhY6N2+PKhiMYUD2aPtLVAWyp+ZuD+Y0KUhFHfZbbf3RsDZOw==][LUaOU52SQ1Nc7/OkZ67CRNgaX9v71BuJEUyftuzxAyHO8FdWMrUQurkOICXQ/CEDgzHJs+GOv+vhdUEx9nvxrQ==][DVPxkaMvu7mGQTvbE0DA4qCcqpYOEltGUcHXkrjSK/EarUeHRoC7+bOKVMkVGy9QuZ9LenQ870RPnPi8v4IhlQ==][OXvMvDe9IGm2mw8rb1D8zGr1AjMX5YFTZj1y+yW+M225YUrigT4oc1/8PxoMUmLz7Ez4HlXnU6WDPd1NRnlbbw==][lJhr+1dHAh9Fyb58Y/ZRkZYfCMoolwgeSxVO4KWlh570Tqu8RABQAB09ljlUaBmX52cn+NTqcaNMfHJ+MOFjjA==]}
{"logTime": "0530/092825", "correlationVector":"f18tV/qeh50tGG5g5JUiwQ.2","action":"EncryptionKeysManager::SetEncryptionKeysWithTimestamps:", "result":"Success", "context":Key timestamps[5]:[2024-04-08T22:19:18Z][2024-11-25T19:14:00Z][2025-03-11T21:33:08Z][2025-09-08T11:08:24Z][2026-03-07T17:37:39Z]}
{"logTime": "0530/092825", "correlationVector":"mIkpHAzU1XUesFsG7v4luf","action":"Initial GetUpdates", "result":"", "context":Reason: NEW_CLIENT. cV=mIkpHAzU1XUesFsG7v4luf}
{"logTime": "0530/092825", "correlationVector":"mIkpHAzU1XUesFsG7v4luf.3","action":"GetUpdates Response", "result":"Success", "context":Received 1 update(s). cV=mIkpHAzU1XUesFsG7v4luf.0;server=akswtt115000007;cloudType=Consumer;environment=Prod_francecentral_prod-s01-062-eur-francecentral;migrationStage=NotStarted}
{"logTime": "0530/092825", "correlationVector":"GPxnetgWoVe2SjCwN9I9bZ","action":"Initial GetUpdates", "result":"", "context":Reason: NEWLY_SUPPORTED_DATATYPE. cV=GPxnetgWoVe2SjCwN9I9bZ}
{"logTime": "0530/092826", "correlationVector":"GPxnetgWoVe2SjCwN9I9bZ.1","action":"SyncServerConnectionManagerRequest", "result":"SYNC_SERVER_OK", "context":{"environment":"Prod_francecentral_prod-s01-062-eur-francecentral", "migrationStage":"NotStarted", "server":"akswtt115000007"}}
{"logTime": "0530/092826", "correlationVector":"GPxnetgWoVe2SjCwN9I9bZ.2","action":"ProcessGetUpdates", "result":"Done", "context":{"dataType":"Preferences", "deleted":"0", "process_failed_to_decrypt":"0", "process_pending_decryption":"0", "process_success":"71", "total":"71"}}
{"logTime": "0530/092826", "correlationVector":"GPxnetgWoVe2SjCwN9I9bZ.3","action":"ProcessGetUpdates", "result":"Done", "context":{"dataType":"Passwords", "deleted":"0", "process_failed_to_decrypt":"0", "process_pending_decryption":"0", "process_success":"20", "total":"20"}}
{"logTime": "0530/092826", "correlationVector":"GPxnetgWoVe2SjCwN9I9bZ.4","action":"ProcessGetUpdates", "result":"Done", "context":{"dataType":"Device Info", "deleted":"0", "process_failed_to_decrypt":"0", "process_pending_decryption":"0", "process_success":"10", "total":"10"}}
{"logTime": "0530/092826", "correlationVector":"GPxnetgWoVe2SjCwN9I9bZ.5","action":"GetUpdates Response", "result":"Success", "context":Received 101 update(s). cV=GPxnetgWoVe2SjCwN9I9bZ.0;server=akswtt115000007;cloudType=Consumer;environment=Prod_francecentral_prod-s01-062-eur-francecentral;migrationStage=NotStarted}
{"logTime": "0530/092826", "correlationVector":"2CiWIjwIM+dxrwbvK70m+W","action":"Initial GetUpdates", "result":"", "context":Reason: NEWLY_SUPPORTED_DATATYPE. cV=2CiWIjwIM+dxrwbvK70m+W}
{"logTime": "0530/092827", "correlationVector":"2CiWIjwIM+dxrwbvK70m+W.1","action":"SyncServerConnectionManagerRequest", "result":"SYNC_SERVER_OK", "context":{"environment":"Prod_francecentral_prod-s01-062-eur-francecentral", "migrationStage":"NotStarted", "server":"akswtt11500000y"}}
{"logTime": "0530/092827", "correlationVector":"2CiWIjwIM+dxrwbvK70m+W.2","action":"ProcessGetUpdates", "result":"Done", "context":{"dataType":"Bookmarks", "deleted":"0", "process_failed_to_decrypt":"0", "process_pending_decryption":"0", "process_success":"7", "total":"7"}}
{"logTime": "0530/092827", "correlationVector":"2CiWIjwIM+dxrwbvK70m+W.3","action":"GetUpdates Response", "result":"Success", "context":Received 7 update(s). cV=2CiWIjwIM+dxrwbvK70m+W.0;server=akswtt11500000y;cloudType=Consumer;environment=Prod_francecentral_prod-s01-062-eur-francecentral;migrationStage=NotStarted}
{"logTime": "0530/092827", "correlationVector":"xDuzUmD9arMWPVitPfAsrD","action":"Initial GetUpdates", "result":"", "context":Reason: NEWLY_SUPPORTED_DATATYPE. cV=xDuzUmD9arMWPVitPfAsrD}
{"logTime": "0530/092828", "correlationVector":"xDuzUmD9arMWPVitPfAsrD.1","action":"SyncServerConnectionManagerRequest", "result":"SYNC_SERVER_OK", "context":{"environment":"Prod_francecentral_prod-s01-062-eur-francecentral", "migrationStage":"NotStarted", "server":"akswtt115000000"}}
{"logTime": "0530/092828", "correlationVector":"xDuzUmD9arMWPVitPfAsrD.2","action":"ProcessGetUpdates", "result":"Done", "context":{"dataType":"Autofill Profiles", "deleted":"0", "process_failed_to_decrypt":"0", "process_pending_decryption":"0", "process_success":"3", "total":"3"}}
{"logTime": "0530/092828", "correlationVector":"xDuzUmD9arMWPVitPfAsrD.3","action":"ProcessGetUpdates", "result":"Done", "context":{"dataType":"Autofill", "deleted":"0", "process_failed_to_decrypt":"0", "process_pending_decryption":"0", "process_success":"82", "total":"82"}}
{"logTime": "0530/092828", "correlationVector":"xDuzUmD9arMWPVitPfAsrD.4","action":"ProcessGetUpdates", "result":"Done", "context":{"dataType":"Sessions", "deleted":"160", "process_failed_to_decrypt":"0", "process_pending_decryption":"0", "process_success":"160", "total":"160"}}
{"logTime": "0530/092828", "correlationVector":"xDuzUmD9arMWPVitPfAsrD.5","action":"ProcessGetUpdates", "result":"Done", "context":{"dataType":"Edge Hub App Usage", "deleted":"3", "process_failed_to_decrypt":"0", "process_pending_decryption":"0", "process_success":"5", "total":"5"}}
{"logTime": "0530/092828", "correlationVector":"xDuzUmD9arMWPVitPfAsrD.6","action":"GetUpdates Response", "result":"Success", "context":Received 250 update(s). cV=xDuzUmD9arMWPVitPfAsrD.0;server=akswtt115000000;cloudType=Consumer;environment=Prod_francecentral_prod-s01-062-eur-francecentral;migrationStage=NotStarted Some updates remain.}
{"logTime": "0530/092828", "correlationVector":"M8gbZzkTD98Nfcj1XQq8CX","action":"Initial GetUpdates", "result":"", "context":Reason: NEWLY_SUPPORTED_DATATYPE. cV=M8gbZzkTD98Nfcj1XQq8CX}
{"logTime": "0530/092829", "correlationVector":"M8gbZzkTD98Nfcj1XQq8CX.1","action":"SyncServerConnectionManagerRequest", "result":"SYNC_SERVER_OK", "context":{"environment":"Prod_francecentral_prod-s01-062-eur-francecentral", "migrationStage":"NotStarted", "server":"akswtt11500000j"}}
{"logTime": "0530/092829", "correlationVector":"M8gbZzkTD98Nfcj1XQq8CX.2","action":"ProcessGetUpdates", "result":"Done", "context":{"dataType":"Autofill", "deleted":"0", "process_failed_to_decrypt":"0", "process_pending_decryption":"0", "process_success":"1", "total":"1"}}
{"logTime": "0530/092829", "correlationVector":"M8gbZzkTD98Nfcj1XQq8CX.3","action":"ProcessGetUpdates", "result":"Done", "context":{"dataType":"Sessions", "deleted":"5", "process_failed_to_decrypt":"0", "process_pending_decryption":"0", "process_success":"11", "total":"11"}}
{"logTime": "0530/092829", "correlationVector":"M8gbZzkTD98Nfcj1XQq8CX.4","action":"GetUpdates Response", "result":"Success", "context":Received 12 update(s). cV=M8gbZzkTD98Nfcj1XQq8CX.0;server=akswtt11500000j;cloudType=Consumer;environment=Prod_francecentral_prod-s01-062-eur-francecentral;migrationStage=NotStarted}
{"logTime": "0530/092829", "correlationVector":"hradep0wu0y/vUIBjeDar7","action":"Initial GetUpdates", "result":"", "context":Reason: NEWLY_SUPPORTED_DATATYPE. cV=hradep0wu0y/vUIBjeDar7}
{"logTime": "0530/092830", "correlationVector":"hradep0wu0y/vUIBjeDar7.1","action":"SyncServerConnectionManagerRequest", "result":"SYNC_SERVER_OK", "context":{"environment":"Prod_francecentral_prod-s01-062-eur-francecentral", "migrationStage":"NotStarted", "server":"akswtt11500000j"}}
{"logTime": "0530/092830", "correlationVector":"hradep0wu0y/vUIBjeDar7.2","action":"ProcessGetUpdates", "result":"Done", "context":{"dataType":"History", "deleted":"0", "process_failed_to_decrypt":"0", "process_pending_decryption":"0", "process_success":"250", "total":"250"}}
{"logTime": "0530/092830", "correlationVector":"hradep0wu0y/vUIBjeDar7.3","action":"GetUpdates Response", "result":"Success", "context":Received 250 update(s). cV=hradep0wu0y/vUIBjeDar7.0;server=akswtt11500000j;cloudType=Consumer;environment=Prod_francecentral_prod-s01-062-eur-francecentral;migrationStage=NotStarted Some updates remain.}
{"logTime": "0530/092830", "correlationVector":"Owe1rMXIgeurlz2eTvuKwo","action":"Initial GetUpdates", "result":"", "context":Reason: NEWLY_SUPPORTED_DATATYPE. cV=Owe1rMXIgeurlz2eTvuKwo}
{"logTime": "0530/092831", "correlationVector":"Owe1rMXIgeurlz2eTvuKwo.1","action":"SyncServerConnectionManagerRequest", "result":"SYNC_SERVER_OK", "context":{"environment":"Prod_francecentral_prod-s01-062-eur-francecentral", "migrationStage":"NotStarted", "server":"akswtt11500000j"}}
{"logTime": "0530/092831", "correlationVector":"Owe1rMXIgeurlz2eTvuKwo.2","action":"ProcessGetUpdates", "result":"Done", "context":{"dataType":"History", "deleted":"0", "process_failed_to_decrypt":"0", "process_pending_decryption":"0", "process_success":"110", "total":"110"}}
{"logTime": "0530/092831", "correlationVector":"Owe1rMXIgeurlz2eTvuKwo.3","action":"GetUpdates Response", "result":"Success", "context":Received 110 update(s). cV=Owe1rMXIgeurlz2eTvuKwo.0;server=akswtt11500000j;cloudType=Consumer;environment=Prod_francecentral_prod-s01-062-eur-francecentral;migrationStage=NotStarted}
{"logTime": "0530/092831", "correlationVector":"CzMIGeYi+FaaN6OF1sCE2n","action":"Normal GetUpdate request", "result":"", "context":cV=CzMIGeYi+FaaN6OF1sCE2n
Nudged types: Sessions, Device Info, User Consents
Refresh requested types: Bookmarks, Preferences, Passwords, Autofill Profiles, Autofill, Extensions, Sessions, Extension settings, History Delete Directives, Device Info, User Consents, Send Tab To Self, Web Apps, History, Saved Tab Group, WebAuthn Credentials, Collection, Edge E Drop, Edge Hub App Usage, Edge Wallet, Edge Workspace, Encryption Keys}
{"logTime": "0530/092832", "correlationVector":"CzMIGeYi+FaaN6OF1sCE2n.1","action":"SyncServerConnectionManagerRequest", "result":"SYNC_SERVER_OK", "context":{"environment":"Prod_francecentral_prod-s01-062-eur-francecentral", "migrationStage":"NotStarted", "server":"akswtt11500000j"}}
{"logTime": "0530/092832", "correlationVector":"CzMIGeYi+FaaN6OF1sCE2n.2","action":"GetUpdates Response", "result":"Success", "context":Received 0 update(s). cV=CzMIGeYi+FaaN6OF1sCE2n.0;server=akswtt11500000j;cloudType=Consumer;environment=Prod_francecentral_prod-s01-062-eur-francecentral;migrationStage=NotStarted}
{"logTime": "0530/092832", "correlationVector":"XggETM8GsPgzV4juCmlu+7","action":"DoCompareDataConsistency requsted types: ", "result":"Bookmarks, Preferences, Passwords, Extensions, Extension settings, History Delete Directives, Send Tab To Self, Web Apps, History, Saved Tab Group, WebAuthn Credentials, Collection, Edge E Drop, Edge Wallet, Edge Workspace, Encryption Keys"}
{"logTime": "0530/092832", "correlationVector":"XggETM8GsPgzV4juCmlu+7.0","action":"CompareDataConsistency result: ", "result":"Compare result: Encryption Keys is consistent. local entities count is: 1 local entities hash is: stRcVzn/dYJI4+4nOs2JHoSg88I="}
{"logTime": "0530/092832", "correlationVector":"XggETM8GsPgzV4juCmlu+7.1","action":"CompareDataConsistency result: ", "result":"Compare result: Bookmarks is consistent. local entities count is: 1 local entities hash is: BVPPSOP29E5Ywkg8sXECXbDQr4I="}
{"logTime": "0530/092832", "correlationVector":"XggETM8GsPgzV4juCmlu+7.2","action":"CompareDataConsistency result: ", "result":"Compare result: Preferences is consistent. local entities count is: 71 local entities hash is: 5kItN4C089ZedUA5qxinNZmFgOE="}
{"logTime": "0530/092832", "correlationVector":"XggETM8GsPgzV4juCmlu+7.3","action":"CompareDataConsistency result: ", "result":"Compare result: Extensions is consistent. local entities count is: 0 local entities hash is: "}
{"logTime": "0530/092832", "correlationVector":"XggETM8GsPgzV4juCmlu+7.4","action":"CompareDataConsistency result: ", "result":"Compare result: Extension settings is consistent. local entities count is: 0 local entities hash is: "}
{"logTime": "0530/092832", "correlationVector":"XggETM8GsPgzV4juCmlu+7.5","action":"CompareDataConsistency result: ", "result":"Compare result: History Delete Directives is consistent. local entities count is: 0 local entities hash is: "}
{"logTime": "0530/092832", "correlationVector":"XggETM8GsPgzV4juCmlu+7.6","action":"CompareDataConsistency result: ", "result":"Server did not send this Send Tab To Self local entities count is: 0 local entities hash is: "}
{"logTime": "0530/092832", "correlationVector":"XggETM8GsPgzV4juCmlu+7.7","action":"CompareDataConsistency result: ", "result":"Compare result: Web Apps is consistent. local entities count is: 0 local entities hash is: "}
{"logTime": "0530/092832", "correlationVector":"XggETM8GsPgzV4juCmlu+7.8","action":"CompareDataConsistency result: ", "result":"Server did not send this History local entities count is: 0 local entities hash is: "}
{"logTime": "0530/092832", "correlationVector":"XggETM8GsPgzV4juCmlu+7.9","action":"CompareDataConsistency result: ", "result":"Compare result: Saved Tab Group is consistent. local entities count is: 0 local entities hash is: "}
{"logTime": "0530/092832", "correlationVector":"XggETM8GsPgzV4juCmlu+7.10","action":"CompareDataConsistency result: ", "result":"Server did not send this WebAuthn Credentials local entities count is: 0 local entities hash is: "}
{"logTime": "0530/092832", "correlationVector":"XggETM8GsPgzV4juCmlu+7.11","action":"CompareDataConsistency result: ", "result":"Compare result: Collection is consistent. local entities count is: 0 local entities hash is: "}
{"logTime": "0530/092832", "correlationVector":"XggETM8GsPgzV4juCmlu+7.12","action":"CompareDataConsistency result: ", "result":"Compare result: Edge E Drop is consistent. local entities count is: 0 local entities hash is: "}
{"logTime": "0530/092832", "correlationVector":"XggETM8GsPgzV4juCmlu+7.13","action":"CompareDataConsistency result: ", "result":"Compare result: Edge Wallet is consistent. local entities count is: 0 local entities hash is: "}
{"logTime": "0530/092832", "correlationVector":"XggETM8GsPgzV4juCmlu+7.14","action":"CompareDataConsistency result: ", "result":"Server did not send this Edge Workspace local entities count is: 0 local entities hash is: "}
{"logTime": "0530/092832", "correlationVector":"XggETM8GsPgzV4juCmlu+7.15","action":"CompareDataConsistency result: ", "result":"Compare result: Passwords is consistent. local entities count is: 20 local entities hash is: +8wENBgfE/20dOD7FyfGRVsozQw="}
{"logTime": "0530/092832", "correlationVector":"qskpGHMHnqX9c9OKZmupuc","action":"Commit Request", "result":"", "context":Item count: 4
Contributing types: Sessions, Device Info, User Consents}
{"logTime": "0530/092833", "correlationVector":"qskpGHMHnqX9c9OKZmupuc.1","action":"SyncServerConnectionManagerRequest", "result":"SYNC_SERVER_OK", "context":{"environment":"Prod_francecentral_prod-s01-062-eur-francecentral", "migrationStage":"NotStarted", "server":"akswtt11500000d"}}
{"logTime": "0530/092833", "correlationVector":"qskpGHMHnqX9c9OKZmupuc.2","action":"Commit Response", "result":"Success", "context":Result: Success. cV=qskpGHMHnqX9c9OKZmupuc.0;server=akswtt11500000d;cloudType=Consumer;environment=Prod_francecentral_prod-s01-062-eur-francecentral;migrationStage=NotStarted}
{"logTime": "0530/092833", "correlationVector":"","action":"DIAGNOSTIC_REQUEST|v1/diagnosticData/Diagnostic.SendCheckResult()|SUCCESS", "result":""}
{"logTime": "0530/092915", "correlationVector":"rHUTW8/DdLsEgbk3a21UxP","action":"Commit Request", "result":"", "context":Item count: 24
Contributing types: Passwords, Sessions, History}
{"logTime": "0530/092920", "correlationVector":"rHUTW8/DdLsEgbk3a21UxP.1","action":"SyncServerConnectionManagerRequest", "result":"SYNC_SERVER_OK", "context":{"environment":"Prod_francecentral_prod-s01-062-eur-francecentral", "migrationStage":"NotStarted", "server":"akswtt115000010"}}
{"logTime": "0530/092920", "correlationVector":"rHUTW8/DdLsEgbk3a21UxP.2","action":"Commit Response", "result":"Success", "context":Result: Success. cV=rHUTW8/DdLsEgbk3a21UxP.0;server=akswtt115000010;cloudType=Consumer;environment=Prod_francecentral_prod-s01-062-eur-francecentral;migrationStage=NotStarted}
{"logTime": "0530/092921", "correlationVector":"VMfeBYUR+WqCWiGNCI/tb9","action":"Commit Request", "result":"", "context":Item count: 3
Contributing types: Sessions, History}
{"logTime": "0530/092922", "correlationVector":"VMfeBYUR+WqCWiGNCI/tb9.1","action":"SyncServerConnectionManagerRequest", "result":"SYNC_SERVER_OK", "context":{"environment":"Prod_francecentral_prod-s01-062-eur-francecentral", "migrationStage":"NotStarted", "server":"akswtt115000009"}}
{"logTime": "0530/092922", "correlationVector":"VMfeBYUR+WqCWiGNCI/tb9.2","action":"Commit Response", "result":"Success", "context":Result: Success. cV=VMfeBYUR+WqCWiGNCI/tb9.0;server=akswtt115000009;cloudType=Consumer;environment=Prod_francecentral_prod-s01-062-eur-francecentral;migrationStage=NotStarted}
{"logTime": "0530/093040", "correlationVector":"DPx2B4syfyiWjQuV0x8fVT","action":"Commit Request", "result":"", "context":Item count: 9
Contributing types: Sessions, History}
{"logTime": "0530/093042", "correlationVector":"DPx2B4syfyiWjQuV0x8fVT.1","action":"SyncServerConnectionManagerRequest", "result":"SYNC_SERVER_OK", "context":{"environment":"Prod_francecentral_prod-s01-062-eur-francecentral", "migrationStage":"NotStarted", "server":"akswtt115000014"}}
{"logTime": "0530/093042", "correlationVector":"DPx2B4syfyiWjQuV0x8fVT.2","action":"Commit Response", "result":"Success", "context":Result: Success. cV=DPx2B4syfyiWjQuV0x8fVT.0;server=akswtt115000014;cloudType=Consumer;environment=Prod_francecentral_prod-s01-062-eur-francecentral;migrationStage=NotStarted}
{"logTime": "0530/093151", "correlationVector":"ZjaG4zp14f+wKlqeVx0mmp","action":"Commit Request", "result":"", "context":Item count: 6
Contributing types: Sessions, History}
{"logTime": "0530/093153", "correlationVector":"ZjaG4zp14f+wKlqeVx0mmp.1","action":"SyncServerConnectionManagerRequest", "result":"SYNC_SERVER_OK", "context":{"environment":"Prod_francecentral_prod-s01-062-eur-francecentral", "migrationStage":"NotStarted", "server":"akswtt11500000l"}}
{"logTime": "0530/093153", "correlationVector":"ZjaG4zp14f+wKlqeVx0mmp.2","action":"Commit Response", "result":"Success", "context":Result: Success. cV=ZjaG4zp14f+wKlqeVx0mmp.0;server=akswtt11500000l;cloudType=Consumer;environment=Prod_francecentral_prod-s01-062-eur-francecentral;migrationStage=NotStarted}
{"logTime": "0530/101117", "correlationVector":"NaiOQfrmNoLOFjt5+IPJ3x","action":"Commit Request", "result":"", "context":Item count: 1
Contributing types: Sessions}
{"logTime": "0530/101123", "correlationVector":"NaiOQfrmNoLOFjt5+IPJ3x","action":"SyncServerConnectionManagerRequest", "result":"CONNECTION_UNAVAILABLE", "context":{"error_type":"net_error_code", "error_value":"-106"}}
{"logTime": "0530/101123", "correlationVector":"B/r0QEaWpc9Q+9XElAmIHe.0","action":"Commit Response", "result":"Network error (ERR_INTERNET_DISCONNECTED)", "context":Result: Network error (ERR_INTERNET_DISCONNECTED). }
{"logTime": "0530/101125", "correlationVector":"WqfF/bc64Gbtn91KBXU8jk","action":"Commit Request", "result":"", "context":Item count: 1
Contributing types: Sessions}
{"logTime": "0530/101131", "correlationVector":"WqfF/bc64Gbtn91KBXU8jk","action":"SyncServerConnectionManagerRequest", "result":"CONNECTION_UNAVAILABLE", "context":{"error_type":"net_error_code", "error_value":"-106"}}
{"logTime": "0530/101131", "correlationVector":"+Q6qZ0GQvkzY9nYCzsIu5c.0","action":"Commit Response", "result":"Network error (ERR_INTERNET_DISCONNECTED)", "context":Result: Network error (ERR_INTERNET_DISCONNECTED). }
{"logTime": "0530/101138", "correlationVector":"TgZw1dn3w91NzwLNKKP0zn","action":"Commit Request", "result":"", "context":Item count: 1
Contributing types: Sessions}
{"logTime": "0530/101144", "correlationVector":"TgZw1dn3w91NzwLNKKP0zn","action":"SyncServerConnectionManagerRequest", "result":"CONNECTION_UNAVAILABLE", "context":{"error_type":"net_error_code", "error_value":"-106"}}
{"logTime": "0530/101144", "correlationVector":"dSzz+WqP0UkyQvQ/k/FCQf.0","action":"Commit Response", "result":"Network error (ERR_INTERNET_DISCONNECTED)", "context":Result: Network error (ERR_INTERNET_DISCONNECTED). }
{"logTime": "0530/101153", "correlationVector":"uxdjwnNLwnKqrsabbN4JYC","action":"Commit Request", "result":"", "context":Item count: 1
Contributing types: Sessions}
{"logTime": "0530/101159", "correlationVector":"uxdjwnNLwnKqrsabbN4JYC","action":"SyncServerConnectionManagerRequest", "result":"CONNECTION_UNAVAILABLE", "context":{"error_type":"net_error_code", "error_value":"-106"}}
{"logTime": "0530/101159", "correlationVector":"EEkhDK/uOl1cZiEArjAaiB.0","action":"Commit Response", "result":"Network error (ERR_INTERNET_DISCONNECTED)", "context":Result: Network error (ERR_INTERNET_DISCONNECTED). }
{"logTime": "0530/101223", "correlationVector":"9ntFtROC/zd2BCgurhrD7V","action":"Commit Request", "result":"", "context":Item count: 1
Contributing types: Sessions}
{"logTime": "0530/101229", "correlationVector":"9ntFtROC/zd2BCgurhrD7V","action":"SyncServerConnectionManagerRequest", "result":"CONNECTION_UNAVAILABLE", "context":{"error_type":"net_error_code", "error_value":"-106"}}
{"logTime": "0530/101229", "correlationVector":"NdoQVn3zJWG/2LnA+LdpKv.0","action":"Commit Response", "result":"Network error (ERR_INTERNET_DISCONNECTED)", "context":Result: Network error (ERR_INTERNET_DISCONNECTED). }
{"logTime": "0530/101327", "correlationVector":"AoNhoiYedMmMW2Xo6FnzTs","action":"Commit Request", "result":"", "context":Item count: 1
Contributing types: Sessions}
{"logTime": "0530/101334", "correlationVector":"AoNhoiYedMmMW2Xo6FnzTs","action":"SyncServerConnectionManagerRequest", "result":"CONNECTION_UNAVAILABLE", "context":{"error_type":"net_error_code", "error_value":"-106"}}
{"logTime": "0530/101334", "correlationVector":"zoocMjEyDDA2g6LUQQFUGq.0","action":"Commit Response", "result":"Network error (ERR_INTERNET_DISCONNECTED)", "context":Result: Network error (ERR_INTERNET_DISCONNECTED). }
{"logTime": "0530/101600", "correlationVector":"xjzEOnTzev4kwYL1/isiAa","action":"Commit Request", "result":"", "context":Item count: 1
Contributing types: Sessions}
{"logTime": "0530/101606", "correlationVector":"xjzEOnTzev4kwYL1/isiAa","action":"SyncServerConnectionManagerRequest", "result":"CONNECTION_UNAVAILABLE", "context":{"error_type":"net_error_code", "error_value":"-106"}}
{"logTime": "0530/101606", "correlationVector":"lq/z2H5+52CLvDJ/BDG+TU.0","action":"Commit Response", "result":"Network error (ERR_INTERNET_DISCONNECTED)", "context":Result: Network error (ERR_INTERNET_DISCONNECTED). }
{"logTime": "0530/102212", "correlationVector":"B8E/imLPyBOyrRKHRyJnbX","action":"Commit Request", "result":"", "context":Item count: 1
Contributing types: Sessions}
{"logTime": "0530/102218", "correlationVector":"B8E/imLPyBOyrRKHRyJnbX","action":"SyncServerConnectionManagerRequest", "result":"CONNECTION_UNAVAILABLE", "context":{"error_type":"net_error_code", "error_value":"-106"}}
{"logTime": "0530/102218", "correlationVector":"ToC+B+2Q0TUgunuN7TQjg2.0","action":"Commit Response", "result":"Network error (ERR_INTERNET_DISCONNECTED)", "context":Result: Network error (ERR_INTERNET_DISCONNECTED). }
{"logTime": "0530/103128", "correlationVector":"NuT3vEfOlbKp4CNgLcXLSU","action":"Commit Request", "result":"", "context":Item count: 1
Contributing types: Sessions}
{"logTime": "0530/103134", "correlationVector":"NuT3vEfOlbKp4CNgLcXLSU","action":"SyncServerConnectionManagerRequest", "result":"CONNECTION_UNAVAILABLE", "context":{"error_type":"net_error_code", "error_value":"-106"}}
{"logTime": "0530/103134", "correlationVector":"apIxk2ky35Nb9hjq/pmxq7.0","action":"Commit Response", "result":"Network error (ERR_INTERNET_DISCONNECTED)", "context":Result: Network error (ERR_INTERNET_DISCONNECTED). }
{"logTime": "0530/103714", "correlationVector":"s1TEvd5+Z2HiOp+o5hNeHj","action":"Commit Request", "result":"", "context":Item count: 1
Contributing types: Sessions}
{"logTime": "0530/103717", "correlationVector":"s1TEvd5+Z2HiOp+o5hNeHj.1","action":"SyncServerConnectionManagerRequest", "result":"SYNC_SERVER_OK", "context":{"environment":"Prod_francecentral_prod-s01-062-eur-francecentral", "migrationStage":"NotStarted", "server":"akswtt115000000"}}
{"logTime": "0530/103717", "correlationVector":"s1TEvd5+Z2HiOp+o5hNeHj.2","action":"Commit Response", "result":"Success", "context":Result: Success. cV=s1TEvd5+Z2HiOp+o5hNeHj.0;server=akswtt115000000;cloudType=Consumer;environment=Prod_francecentral_prod-s01-062-eur-francecentral;migrationStage=NotStarted}
